<?xml version="1.0" encoding="UTF-8"?>
<testng-results skipped="0" failed="0" ignored="0" total="1" passed="1">
  <reporter-output>
  </reporter-output>
  <suite name="Suite" duration-ms="4409" started-at="2022-05-25T12:31:58 IST" finished-at="2022-05-25T12:32:02 IST">
    <groups>
    </groups>
    <test name="APITest" duration-ms="4409" started-at="2022-05-25T12:31:58 IST" finished-at="2022-05-25T12:32:02 IST">
      <class name="com.automation.testcases.api.DummyTestCase">
        <test-method status="PASS" signature="beforeTest(java.lang.String, java.lang.String, java.lang.String, java.lang.String, java.lang.String, java.lang.String, java.lang.String, java.lang.String, java.lang.String, java.lang.String, org.testng.ITestContext)[pri:0, instance:com.automation.testcases.api.DummyTestCase@7181ae3f]" name="beforeTest" is-config="true" duration-ms="703" started-at="2022-05-25T12:31:58 IST" finished-at="2022-05-25T12:31:59 IST">
          <params>
            <param index="0">
              <value>
                <![CDATA[API]]>
              </value>
            </param>
            <param index="1">
              <value>
                <![CDATA[androidOnly]]>
              </value>
            </param>
            <param index="2">
              <value is-null="true"/>
            </param>
            <param index="3">
              <value>
                <![CDATA[MobileOnly]]>
              </value>
            </param>
            <param index="4">
              <value>
                <![CDATA[MobileOnly]]>
              </value>
            </param>
            <param index="5">
              <value>
                <![CDATA[androidOnly]]>
              </value>
            </param>
            <param index="6">
              <value>
                <![CDATA[androidOnly]]>
              </value>
            </param>
            <param index="7">
              <value>
                <![CDATA[iOSOnly]]>
              </value>
            </param>
            <param index="8">
              <value>
                <![CDATA[iOSOnly]]>
              </value>
            </param>
            <param index="9">
              <value>
                <![CDATA[MobileOnly]]>
              </value>
            </param>
            <param index="10">
              <value>
                <![CDATA[org.testng.TestRunner@7bc1a03d]]>
              </value>
            </param>
          </params>
          <reporter-output>
          </reporter-output>
        </test-method> <!-- beforeTest -->
        <test-method status="PASS" signature="beforeClass(java.lang.String)[pri:0, instance:com.automation.testcases.api.DummyTestCase@7181ae3f]" name="beforeClass" is-config="true" duration-ms="1" started-at="2022-05-25T12:31:59 IST" finished-at="2022-05-25T12:31:59 IST">
          <params>
            <param index="0">
              <value>
                <![CDATA[API]]>
              </value>
            </param>
          </params>
          <reporter-output>
          </reporter-output>
        </test-method> <!-- beforeClass -->
        <test-method status="PASS" signature="beforeMethod()[pri:0, instance:com.automation.testcases.api.DummyTestCase@7181ae3f]" name="beforeMethod" is-config="true" duration-ms="0" started-at="2022-05-25T12:31:59 IST" finished-at="2022-05-25T12:31:59 IST">
          <reporter-output>
          </reporter-output>
        </test-method> <!-- beforeMethod -->
        <test-method status="PASS" signature="dummyTestCaseForGetCall()[pri:0, instance:com.automation.testcases.api.DummyTestCase@7181ae3f]" name="dummyTestCaseForGetCall" duration-ms="3387" started-at="2022-05-25T12:31:59 IST" description="Dummy API Description for Get Call" finished-at="2022-05-25T12:32:02 IST">
          <reporter-output>
          </reporter-output>
        </test-method> <!-- dummyTestCaseForGetCall -->
        <test-method status="PASS" signature="afterMethod()[pri:0, instance:com.automation.testcases.api.DummyTestCase@7181ae3f]" name="afterMethod" is-config="true" duration-ms="0" started-at="2022-05-25T12:32:02 IST" finished-at="2022-05-25T12:32:02 IST">
          <reporter-output>
          </reporter-output>
        </test-method> <!-- afterMethod -->
        <test-method status="PASS" signature="afterTest()[pri:0, instance:com.automation.testcases.api.DummyTestCase@7181ae3f]" name="afterTest" is-config="true" duration-ms="0" started-at="2022-05-25T12:32:02 IST" finished-at="2022-05-25T12:32:02 IST">
          <reporter-output>
          </reporter-output>
        </test-method> <!-- afterTest -->
      </class> <!-- com.automation.testcases.api.DummyTestCase -->
    </test> <!-- APITest -->
  </suite> <!-- Suite -->
</testng-results>
