<?xml version="1.0" encoding="UTF-8"?>
<testng-results skipped="0" failed="1" ignored="0" total="1" passed="0">
  <reporter-output>
  </reporter-output>
  <suite name="Suite" duration-ms="7271" started-at="2022-05-24T23:27:41 IST" finished-at="2022-05-24T23:27:49 IST">
    <groups>
    </groups>
    <test name="APITest" duration-ms="7271" started-at="2022-05-24T23:27:41 IST" finished-at="2022-05-24T23:27:49 IST">
      <class name="com.automation.testcases.api.DummyTestCase">
        <test-method status="PASS" signature="beforeTest(java.lang.String, java.lang.String, java.lang.String, java.lang.String, java.lang.String, java.lang.String, java.lang.String, java.lang.String, java.lang.String, java.lang.String, org.testng.ITestContext)[pri:0, instance:com.automation.testcases.api.DummyTestCase@40f08448]" name="beforeTest" is-config="true" duration-ms="681" started-at="2022-05-24T23:27:41 IST" finished-at="2022-05-24T23:27:42 IST">
          <params>
            <param index="0">
              <value>
                <![CDATA[API]]>
              </value>
            </param>
            <param index="1">
              <value>
                <![CDATA[androidOnly]]>
              </value>
            </param>
            <param index="2">
              <value is-null="true"/>
            </param>
            <param index="3">
              <value>
                <![CDATA[MobileOnly]]>
              </value>
            </param>
            <param index="4">
              <value>
                <![CDATA[MobileOnly]]>
              </value>
            </param>
            <param index="5">
              <value>
                <![CDATA[androidOnly]]>
              </value>
            </param>
            <param index="6">
              <value>
                <![CDATA[androidOnly]]>
              </value>
            </param>
            <param index="7">
              <value>
                <![CDATA[iOSOnly]]>
              </value>
            </param>
            <param index="8">
              <value>
                <![CDATA[iOSOnly]]>
              </value>
            </param>
            <param index="9">
              <value>
                <![CDATA[MobileOnly]]>
              </value>
            </param>
            <param index="10">
              <value>
                <![CDATA[org.testng.TestRunner@78a2da20]]>
              </value>
            </param>
          </params>
          <reporter-output>
          </reporter-output>
        </test-method> <!-- beforeTest -->
        <test-method status="PASS" signature="beforeClass(java.lang.String)[pri:0, instance:com.automation.testcases.api.DummyTestCase@40f08448]" name="beforeClass" is-config="true" duration-ms="0" started-at="2022-05-24T23:27:42 IST" finished-at="2022-05-24T23:27:42 IST">
          <params>
            <param index="0">
              <value>
                <![CDATA[API]]>
              </value>
            </param>
          </params>
          <reporter-output>
          </reporter-output>
        </test-method> <!-- beforeClass -->
        <test-method status="FAIL" signature="dummyTestCaseForGetCall()[pri:0, instance:com.automation.testcases.api.DummyTestCase@40f08448]" name="dummyTestCaseForGetCall" duration-ms="6245" started-at="2022-05-24T23:27:42 IST" description="Dummy API Description for Get Call" finished-at="2022-05-24T23:27:48 IST">
          <exception class="java.lang.AssertionError">
            <message>
              <![CDATA[The following asserts failed:
Verify if the Response code is "200" expected [201] but found [200]]]>
            </message>
            <full-stacktrace>
              <![CDATA[java.lang.AssertionError: The following asserts failed:
Verify if the Response code is "200" expected [201] but found [200]
at org.testng.asserts.SoftAssert.assertAll(SoftAssert.java:47)
at org.testng.asserts.SoftAssert.assertAll(SoftAssert.java:31)
at com.automation.testcases.api.DummyTestCase.dummyTestCaseForGetCall(DummyTestCase.java:62)
at sun.reflect.NativeMethodAccessorImpl.invoke0(Native Method)
at sun.reflect.NativeMethodAccessorImpl.invoke(NativeMethodAccessorImpl.java:62)
at sun.reflect.DelegatingMethodAccessorImpl.invoke(DelegatingMethodAccessorImpl.java:43)
at java.lang.reflect.Method.invoke(Method.java:498)
at org.testng.internal.MethodInvocationHelper.invokeMethod(MethodInvocationHelper.java:134)
at org.testng.internal.TestInvoker.invokeMethod(TestInvoker.java:597)
at org.testng.internal.TestInvoker.invokeTestMethod(TestInvoker.java:173)
at org.testng.internal.MethodRunner.runInSequence(MethodRunner.java:46)
at org.testng.internal.TestInvoker$MethodInvocationAgent.invoke(TestInvoker.java:816)
at org.testng.internal.TestInvoker.invokeTestMethods(TestInvoker.java:146)
at org.testng.internal.TestMethodWorker.invokeTestMethods(TestMethodWorker.java:146)
at org.testng.internal.TestMethodWorker.run(TestMethodWorker.java:128)
at java.util.ArrayList.forEach(ArrayList.java:1259)
at org.testng.TestRunner.privateRun(TestRunner.java:766)
at org.testng.TestRunner.run(TestRunner.java:587)
at org.testng.SuiteRunner.runTest(SuiteRunner.java:384)
at org.testng.SuiteRunner.access$000(SuiteRunner.java:28)
at org.testng.SuiteRunner$SuiteWorker.run(SuiteRunner.java:425)
at org.testng.internal.thread.ThreadUtil.lambda$execute$0(ThreadUtil.java:68)
at java.util.concurrent.FutureTask.run(FutureTask.java:266)
at java.util.concurrent.ThreadPoolExecutor.runWorker(ThreadPoolExecutor.java:1149)
at java.util.concurrent.ThreadPoolExecutor$Worker.run(ThreadPoolExecutor.java:624)
at java.lang.Thread.run(Thread.java:748)
]]>
            </full-stacktrace>
          </exception> <!-- java.lang.AssertionError -->
          <reporter-output>
          </reporter-output>
        </test-method> <!-- dummyTestCaseForGetCall -->
        <test-method status="PASS" signature="beforeMethod()[pri:0, instance:com.automation.testcases.api.DummyTestCase@40f08448]" name="beforeMethod" is-config="true" duration-ms="0" started-at="2022-05-24T23:27:42 IST" finished-at="2022-05-24T23:27:42 IST">
          <reporter-output>
          </reporter-output>
        </test-method> <!-- beforeMethod -->
        <test-method status="PASS" signature="afterMethod()[pri:0, instance:com.automation.testcases.api.DummyTestCase@40f08448]" name="afterMethod" is-config="true" duration-ms="0" started-at="2022-05-24T23:27:49 IST" finished-at="2022-05-24T23:27:49 IST">
          <reporter-output>
          </reporter-output>
        </test-method> <!-- afterMethod -->
        <test-method status="PASS" signature="afterTest()[pri:0, instance:com.automation.testcases.api.DummyTestCase@40f08448]" name="afterTest" is-config="true" duration-ms="0" started-at="2022-05-24T23:27:49 IST" finished-at="2022-05-24T23:27:49 IST">
          <reporter-output>
          </reporter-output>
        </test-method> <!-- afterTest -->
      </class> <!-- com.automation.testcases.api.DummyTestCase -->
    </test> <!-- APITest -->
  </suite> <!-- Suite -->
</testng-results>
