<?xml version="1.0" encoding="UTF-8"?>
<!-- Generated by org.testng.reporters.JUnitXMLReporter -->
<testsuite hostname="IN-C02D733KMD6M.local" ignored="0" name="APITest" tests="1" failures="1" timestamp="2022-05-24T23:27:49 IST" time="7.271" errors="0">
  <testcase name="dummyTestCaseForGetCall" time="6.245" classname="com.automation.testcases.api.DummyTestCase">
    <failure type="java.lang.AssertionError" message="The following asserts failed:
	Verify if the Response code is &amp;quot;200&amp;quot; expected [201] but found [200]">
      <![CDATA[java.lang.AssertionError: The following asserts failed:
Verify if the Response code is "200" expected [201] but found [200]
at com.automation.testcases.api.DummyTestCase.dummyTestCaseForGetCall(DummyTestCase.java:62)
at java.util.ArrayList.forEach(ArrayList.java:1259)
at java.util.concurrent.FutureTask.run(FutureTask.java:266)
at java.util.concurrent.ThreadPoolExecutor.runWorker(ThreadPoolExecutor.java:1149)
at java.util.concurrent.ThreadPoolExecutor$Worker.run(ThreadPoolExecutor.java:624)
at java.lang.Thread.run(Thread.java:748)
... Removed 20 stack frames]]>
    </failure>
  </testcase> <!-- dummyTestCaseForGetCall -->
</testsuite> <!-- APITest -->
