<?xml version="1.0" encoding="UTF-8"?>
<testng-results skipped="0" failed="0" ignored="0" total="1" passed="1">
  <reporter-output>
  </reporter-output>
  <suite name="Suite" duration-ms="53335" started-at="2022-05-25T18:51:02 IST" finished-at="2022-05-25T18:51:55 IST">
    <groups>
    </groups>
    <test name="NagarroYammerSiteChrome" duration-ms="53335" started-at="2022-05-25T18:51:02 IST" finished-at="2022-05-25T18:51:55 IST">
      <class name="com.automation.testcases.web.HomePageTest">
        <test-method status="PASS" signature="beforeTest(java.lang.String, java.lang.String, java.lang.String, java.lang.String, java.lang.String, java.lang.String, java.lang.String, java.lang.String, java.lang.String, java.lang.String, org.testng.ITestContext)[pri:0, instance:com.automation.testcases.web.HomePageTest@40f08448]" name="beforeTest" is-config="true" duration-ms="2348" started-at="2022-05-25T18:51:02 IST" finished-at="2022-05-25T18:51:04 IST">
          <params>
            <param index="0">
              <value>
                <![CDATA[Web]]>
              </value>
            </param>
            <param index="1">
              <value>
                <![CDATA[androidOnly]]>
              </value>
            </param>
            <param index="2">
              <value>
                <![CDATA[chrome]]>
              </value>
            </param>
            <param index="3">
              <value>
                <![CDATA[MobileOnly]]>
              </value>
            </param>
            <param index="4">
              <value>
                <![CDATA[MobileOnly]]>
              </value>
            </param>
            <param index="5">
              <value>
                <![CDATA[androidOnly]]>
              </value>
            </param>
            <param index="6">
              <value>
                <![CDATA[androidOnly]]>
              </value>
            </param>
            <param index="7">
              <value>
                <![CDATA[iOSOnly]]>
              </value>
            </param>
            <param index="8">
              <value>
                <![CDATA[iOSOnly]]>
              </value>
            </param>
            <param index="9">
              <value>
                <![CDATA[Yes]]>
              </value>
            </param>
            <param index="10">
              <value>
                <![CDATA[org.testng.TestRunner@78a2da20]]>
              </value>
            </param>
          </params>
          <reporter-output>
          </reporter-output>
        </test-method> <!-- beforeTest -->
        <test-method status="PASS" signature="beforeClass(java.lang.String)[pri:0, instance:com.automation.testcases.web.HomePageTest@40f08448]" name="beforeClass" is-config="true" duration-ms="0" started-at="2022-05-25T18:51:04 IST" finished-at="2022-05-25T18:51:04 IST">
          <params>
            <param index="0">
              <value>
                <![CDATA[Web]]>
              </value>
            </param>
          </params>
          <reporter-output>
          </reporter-output>
        </test-method> <!-- beforeClass -->
        <test-method status="PASS" signature="beforeMethod()[pri:0, instance:com.automation.testcases.web.HomePageTest@40f08448]" name="beforeMethod" is-config="true" duration-ms="1434" started-at="2022-05-25T18:51:04 IST" finished-at="2022-05-25T18:51:06 IST">
          <reporter-output>
          </reporter-output>
        </test-method> <!-- beforeMethod -->
        <test-method status="PASS" signature="verifySearch()[pri:0, instance:com.automation.testcases.web.HomePageTest@40f08448]" name="verifySearch" duration-ms="48123" started-at="2022-05-25T18:51:06 IST" description="Navigate To Yammer site" finished-at="2022-05-25T18:51:54 IST">
          <reporter-output>
          </reporter-output>
        </test-method> <!-- verifySearch -->
        <test-method status="PASS" signature="afterMethod()[pri:0, instance:com.automation.testcases.web.HomePageTest@40f08448]" name="afterMethod" is-config="true" duration-ms="1" started-at="2022-05-25T18:51:55 IST" finished-at="2022-05-25T18:51:55 IST">
          <reporter-output>
          </reporter-output>
        </test-method> <!-- afterMethod -->
        <test-method status="PASS" signature="afterTest()[pri:0, instance:com.automation.testcases.web.HomePageTest@40f08448]" name="afterTest" is-config="true" duration-ms="98" started-at="2022-05-25T18:51:55 IST" finished-at="2022-05-25T18:51:55 IST">
          <reporter-output>
          </reporter-output>
        </test-method> <!-- afterTest -->
      </class> <!-- com.automation.testcases.web.HomePageTest -->
    </test> <!-- NagarroYammerSiteChrome -->
  </suite> <!-- Suite -->
</testng-results>
